<?xml version="1.0" encoding="UTF-8"?>
<!-- Generated by org.testng.reporters.JUnitXMLReporter -->
<testsuite hostname="chintu_pandu" ignored="0" name=" create account" tests="3" failures="0" timestamp="2023-03-26T20:58:37 EDT" time="16.069" errors="0">
  <testcase name="logintoManagerAccount" time="1.076" classname="testCases.Createaccount"/>
  <testcase name="managerAccount" time="0.587" classname="testCases.Createaccount"/>
  <testcase name="createNewAccount" time="4.738" classname="testCases.Createaccount"/>
</testsuite> <!--  create account -->
